<?xml version="1.0" encoding="UTF-8"?>
<testng-results skipped="0" failed="0" ignored="0" total="1" passed="1">
  <reporter-output>
  </reporter-output>
  <suite name="Suite" duration-ms="28043" started-at="2017-05-26T06:50:03Z" finished-at="2017-05-26T06:50:32Z">
    <groups>
    </groups>
    <test name="Test" duration-ms="28043" started-at="2017-05-26T06:50:03Z" finished-at="2017-05-26T06:50:32Z">
      <class name="google.GooglePage">
        <test-method status="PASS" signature="openpage()[pri:0, instance:google.GooglePage@d041cf]" name="openpage" duration-ms="27360" started-at="2017-05-26T12:20:03Z" finished-at="2017-05-26T12:20:31Z">
          <reporter-output>
          </reporter-output>
        </test-method> <!-- openpage -->
        <test-method status="PASS" signature="screenshot()[pri:0, instance:google.GooglePage@d041cf]" name="screenshot" is-config="true" duration-ms="644" started-at="2017-05-26T12:20:31Z" finished-at="2017-05-26T12:20:31Z">
          <reporter-output>
          </reporter-output>
        </test-method> <!-- screenshot -->
      </class> <!-- google.GooglePage -->
    </test> <!-- Test -->
  </suite> <!-- Suite -->
</testng-results>
