<?xml version="1.0" encoding="UTF-8"?>
<testng-results skipped="0" failed="0" total="1" passed="1">
  <reporter-output>
  </reporter-output>
  <suite name="Default suite" duration-ms="45177" started-at="2017-05-26T06:33:09Z" finished-at="2017-05-26T06:33:54Z">
    <groups>
    </groups>
    <test name="Default test" duration-ms="45177" started-at="2017-05-26T06:33:09Z" finished-at="2017-05-26T06:33:54Z">
      <class name="google.GooglePage">
        <test-method status="PASS" signature="openpage()[pri:0, instance:google.GooglePage@75bd9247]" name="openpage" duration-ms="44521" started-at="2017-05-26T12:03:09Z" finished-at="2017-05-26T12:03:54Z">
          <reporter-output>
          </reporter-output>
        </test-method> <!-- openpage -->
        <test-method status="PASS" signature="screenshot()[pri:0, instance:google.GooglePage@75bd9247]" name="screenshot" is-config="true" duration-ms="598" started-at="2017-05-26T12:03:54Z" finished-at="2017-05-26T12:03:54Z">
          <reporter-output>
          </reporter-output>
        </test-method> <!-- screenshot -->
      </class> <!-- google.GooglePage -->
    </test> <!-- Default test -->
  </suite> <!-- Default suite -->
</testng-results>
